2023-09-26 18:28:59,652 [main] INFO  c.m.l.M.MqListenerApplication - Starting MqListenerApplication v0.0.1-SNAPSHOT using Java 20.0.1 with PID 11444 (C:\Users\Cassidy\Documents\MQMaven\java\MQ-listener.jar started by Cassidy in C:\Users\Cassidy\Documents\MQMaven)
2023-09-26 18:28:59,653 [main] INFO  c.m.l.M.MqListenerApplication - No active profile set, falling back to 1 default profile: "default"
2023-09-26 18:29:01,335 [main] INFO  o.s.b.w.e.tomcat.TomcatWebServer - Tomcat initialized with port 8080 (https)
2023-09-26 18:29:01,344 [main] INFO  o.a.coyote.http11.Http11NioProtocol - Initializing ProtocolHandler ["https-jsse-nio-8080"]
2023-09-26 18:29:01,355 [main] INFO  o.a.catalina.core.StandardService - Starting service [Tomcat]
2023-09-26 18:29:01,355 [main] INFO  o.a.catalina.core.StandardEngine - Starting Servlet engine: [Apache Tomcat/10.1.13]
2023-09-26 18:29:01,456 [main] INFO  o.a.c.c.C.[Tomcat].[localhost].[/] - Initializing Spring embedded WebApplicationContext
2023-09-26 18:29:01,460 [main] INFO  o.s.b.w.s.c.ServletWebServerApplicationContext - Root WebApplicationContext: initialization completed in 1728 ms
2023-09-26 18:29:01,530 [main] INFO  c.m.l.M.config.ConfigManager - Reading config from: C:\Users\Cassidy\Documents\MQMaven\config\config.json
2023-09-26 18:29:03,073 [main] INFO  o.a.coyote.http11.Http11NioProtocol - Starting ProtocolHandler ["https-jsse-nio-8080"]
2023-09-26 18:29:03,140 [main] INFO  o.a.t.u.net.NioEndpoint.certificate - Connector [https-jsse-nio-8080], TLS virtual host [_default_], certificate type [UNDEFINED] configured from keystore [C:\Users\Cassidy\.keystore] using alias [springboot] with trust store [null]
2023-09-26 18:29:03,153 [main] INFO  o.s.b.w.e.tomcat.TomcatWebServer - Tomcat started on port 8080 (https) with context path ''
2023-09-26 18:29:03,160 [main] INFO  c.m.l.M.MqListenerApplication - Started MqListenerApplication in 4.076 seconds (process running for 5.176)
2023-09-26 18:29:03,166 [main] INFO  c.m.l.M.utils.StartupManager - StartupManager initialization started.
2023-09-26 18:29:03,166 [main] INFO  c.m.l.M.utils.StartupManager - Queues to clear: Queues being read =[SYSTEM.ADMIN.ACCOUNTING.QUEUE, SYSTEM.ADMIN.PERFM.EVENT, SYSTEM.ADMIN.QMGR.EVENT, SYSTEM.ADMIN.STATISTICS.QUEUE]
2023-09-26 18:29:03,166 [main] INFO  c.m.l.M.utils.StartupManager - Configuration loaded successfully.
2023-09-26 18:29:03,166 [main] INFO  c.m.l.M.utils.StartupManager - Trying to connect to QM1, with: {port=1414, hostname=13.87.80.195, password=passw0rd, userID=admin, channel=DEV.ADMIN.SVRCONN}
2023-09-26 18:29:03,170 [scheduling-1] INFO  c.m.l.M.metrics.ApplicationMetrics - Checking application statistics
2023-09-26 18:29:03,170 [scheduling-1] INFO  c.m.l.M.metrics.ApplicationMetrics - Apps Configuration: connThreshold: 400, CORConnectionsThreshold: 4.0, CORThreshold: 0.48
2023-09-26 18:29:03,960 [main] INFO  c.m.l.M.utils.StartupManager - successfully connected to QM1
2023-09-26 18:29:04,163 [main] INFO  c.m.l.M.utils.StartupManager - successfully created agent
2023-09-26 18:29:04,196 [main] INFO  c.m.l.M.utils.StartupManager - Successfully cleared queue 'SYSTEM.ADMIN.ACCOUNTING.QUEUE' of messages.
2023-09-26 18:29:04,252 [main] INFO  c.m.l.M.utils.StartupManager - Successfully cleared queue 'SYSTEM.ADMIN.PERFM.EVENT' of messages.
2023-09-26 18:29:04,286 [main] INFO  c.m.l.M.utils.StartupManager - Successfully cleared queue 'SYSTEM.ADMIN.QMGR.EVENT' of messages.
2023-09-26 18:29:04,316 [main] INFO  c.m.l.M.utils.StartupManager - Successfully cleared queue 'SYSTEM.ADMIN.STATISTICS.QUEUE' of messages.
2023-09-26 18:29:04,343 [main] INFO  c.m.l.M.utils.StartupManager - Successfully disconnected from agent
2023-09-26 18:29:04,432 [main] INFO  c.m.l.M.utils.StartupManager - disconnected from QM1
2023-09-26 18:29:04,432 [main] INFO  c.m.l.M.utils.StartupManager - Starting JMS listeners.
2023-09-26 18:29:04,704 [main] INFO  c.m.l.M.utils.StartupManager - Listener for queue SYSTEM.ADMIN.STATISTICS.QUEUE is running.
2023-09-26 18:29:04,704 [main] INFO  c.m.l.M.utils.StartupManager - Listener for queue SYSTEM.ADMIN.QMGR.EVENT is running.
2023-09-26 18:29:04,704 [main] INFO  c.m.l.M.utils.StartupManager - Listener for queue SYSTEM.ADMIN.PERFM.EVENT is running.
2023-09-26 18:29:04,704 [main] INFO  c.m.l.M.utils.StartupManager - Listener for queue SYSTEM.ADMIN.ACCOUNTING.QUEUE is running.
2023-09-26 18:29:04,711 [main] INFO  c.m.l.M.utils.SendLoginStatus - Json sent to Python server: {"message":"Login successful"}
2023-09-26 18:29:04,850 [main] INFO  c.m.l.M.utils.StartupManager - Startup sequence completed successfully.
2023-09-26 18:29:05,266 [org.springframework.jms.JmsListenerEndpointContainer#0-1] INFO  c.m.l.M.L.AccountingListener - recieved Accounting Message!
2023-09-26 18:29:05,335 [org.springframework.jms.JmsListenerEndpointContainer#0-1] INFO  c.m.l.M.L.AccountingListener - recieved Accounting Message!
2023-09-26 18:29:05,335 [org.springframework.jms.JmsListenerEndpointContainer#0-1] INFO  c.m.l.M.p.AccountingProcessor - Received an unhandled accounting command code: 168
2023-09-26 18:29:05,371 [org.springframework.jms.JmsListenerEndpointContainer#0-1] INFO  c.m.l.M.L.AccountingListener - recieved Accounting Message!
2023-09-26 18:29:05,371 [org.springframework.jms.JmsListenerEndpointContainer#0-1] WARN  c.m.l.M.p.AccountingProcessor - Failure getting MQCACH_CONNECTION_NAME data.
2023-09-26 18:29:05,406 [org.springframework.jms.JmsListenerEndpointContainer#0-1] INFO  c.m.l.M.L.AccountingListener - recieved Accounting Message!
2023-09-26 18:29:05,406 [org.springframework.jms.JmsListenerEndpointContainer#0-1] INFO  c.m.l.M.p.AccountingProcessor - Received an unhandled accounting command code: 168
2023-09-26 18:29:05,448 [org.springframework.jms.JmsListenerEndpointContainer#0-1] INFO  c.m.l.M.L.AccountingListener - recieved Accounting Message!
2023-09-26 18:29:05,448 [org.springframework.jms.JmsListenerEndpointContainer#0-1] WARN  c.m.l.M.p.AccountingProcessor - Failure getting MQCACH_CONNECTION_NAME data.
2023-09-26 18:29:05,513 [org.springframework.jms.JmsListenerEndpointContainer#0-1] INFO  c.m.l.M.L.AccountingListener - recieved Accounting Message!
2023-09-26 18:29:05,513 [org.springframework.jms.JmsListenerEndpointContainer#0-1] INFO  c.m.l.M.p.AccountingProcessor - Received an unhandled accounting command code: 168
2023-09-26 18:29:05,546 [org.springframework.jms.JmsListenerEndpointContainer#0-1] INFO  c.m.l.M.L.AccountingListener - recieved Accounting Message!
2023-09-26 18:29:05,546 [org.springframework.jms.JmsListenerEndpointContainer#0-1] WARN  c.m.l.M.p.AccountingProcessor - Failure getting MQCACH_CONNECTION_NAME data.
2023-09-26 18:29:05,590 [org.springframework.jms.JmsListenerEndpointContainer#0-1] INFO  c.m.l.M.L.AccountingListener - recieved Accounting Message!
2023-09-26 18:29:05,590 [org.springframework.jms.JmsListenerEndpointContainer#0-1] INFO  c.m.l.M.p.AccountingProcessor - Received an unhandled accounting command code: 168
2023-09-26 18:29:05,765 [https-jsse-nio-8080-exec-8] INFO  o.a.c.c.C.[Tomcat].[localhost].[/] - Initializing Spring DispatcherServlet 'dispatcherServlet'
2023-09-26 18:29:05,765 [https-jsse-nio-8080-exec-8] INFO  o.s.web.servlet.DispatcherServlet - Initializing Servlet 'dispatcherServlet'
2023-09-26 18:29:05,765 [https-jsse-nio-8080-exec-8] INFO  o.s.web.servlet.DispatcherServlet - Completed initialization in 0 ms
2023-09-26 18:29:05,785 [https-jsse-nio-8080-exec-8] INFO  c.m.l.M.controller.ConfigController - Config requested by frontend
2023-09-26 18:29:05,792 [https-jsse-nio-8080-exec-8] INFO  c.m.l.M.controller.ConfigController - Sent following config to frontend: Config [<DEFAULT>: QMConfig [app=AppConfig [connections=ConnectionConfig [max=400], connectionOperationsRatio=ConnectionOperationsRatioConfig [max=0.44999998807907104, connections=2]], queueManager=QueueManagerConfig [connections=ConnectionConfig [max=101], operations=OperationsConfig [max=51], errors=ErrorsConfig [max=6]], queue=QueueConfig [errors=ErrorsConfig [max=26], operationsDefault=1000, operationsSpecificQueues={DEV.QUEUE.1=26, DEV.QUEUE.2=46}]], QM1: QMConfig [app=AppConfig [connections=ConnectionConfig [max=400], connectionOperationsRatio=ConnectionOperationsRatioConfig [max=0.47999998927116394, connections=4]], queueManager=QueueManagerConfig [connections=ConnectionConfig [max=101], operations=OperationsConfig [max=51], errors=ErrorsConfig [max=6]], queue=QueueConfig [errors=ErrorsConfig [max=26], operationsDefault=1000, operationsSpecificQueues={DEV.QUEUE.3=200, XMIT.TO.QM2=200, DEV.QUEUE.4=200, ORDER.RESPONSE=200, TEST.QUEUE.1=200, XMIT.TO.REMOTEQM=200, DEV.QUEUE.5=200, DEV.DEAD.LETTER.QUEUE=200, PUT.INHIBIT.QUEUE=200, DEV.QUEUE.1=809990, MY.LOCAL.QUEUE=200, ORDER.REQUEST=200, INACCESSIBLE.QUEUE=200, XMIT.TO.QM3=200, DEV.QUEUE.2=8080333}]], QM2: QMConfig [app=AppConfig [connections=ConnectionConfig [max=400], connectionOperationsRatio=ConnectionOperationsRatioConfig [max=0.5, connections=4]], queueManager=QueueManagerConfig [connections=ConnectionConfig [max=101], operations=OperationsConfig [max=51], errors=ErrorsConfig [max=6]], queue=QueueConfig [errors=ErrorsConfig [max=26], operationsDefault=1000, operationsSpecificQueues={sampleQueue1=20, sampleQueue2=30, DEV.QUEUE.1=26, DEV.QUEUE.2=46}]], ]
2023-09-26 18:29:05,915 [https-jsse-nio-8080-exec-10] INFO  c.m.l.M.controller.ConfigController - Checking posted configuration...
2023-09-26 18:29:05,915 [https-jsse-nio-8080-exec-10] INFO  c.m.l.M.config.ConfigManager - Old Config: Config [<DEFAULT>: QMConfig [app=AppConfig [connections=ConnectionConfig [max=400], connectionOperationsRatio=ConnectionOperationsRatioConfig [max=0.44999998807907104, connections=2]], queueManager=QueueManagerConfig [connections=ConnectionConfig [max=101], operations=OperationsConfig [max=51], errors=ErrorsConfig [max=6]], queue=QueueConfig [errors=ErrorsConfig [max=26], operationsDefault=1000, operationsSpecificQueues={DEV.QUEUE.1=26, DEV.QUEUE.2=46}]], QM1: QMConfig [app=AppConfig [connections=ConnectionConfig [max=400], connectionOperationsRatio=ConnectionOperationsRatioConfig [max=0.47999998927116394, connections=4]], queueManager=QueueManagerConfig [connections=ConnectionConfig [max=101], operations=OperationsConfig [max=51], errors=ErrorsConfig [max=6]], queue=QueueConfig [errors=ErrorsConfig [max=26], operationsDefault=1000, operationsSpecificQueues={DEV.QUEUE.3=200, XMIT.TO.QM2=200, DEV.QUEUE.4=200, ORDER.RESPONSE=200, TEST.QUEUE.1=200, XMIT.TO.REMOTEQM=200, DEV.QUEUE.5=200, DEV.DEAD.LETTER.QUEUE=200, PUT.INHIBIT.QUEUE=200, DEV.QUEUE.1=809990, MY.LOCAL.QUEUE=200, ORDER.REQUEST=200, INACCESSIBLE.QUEUE=200, XMIT.TO.QM3=200, DEV.QUEUE.2=8080333}]], QM2: QMConfig [app=AppConfig [connections=ConnectionConfig [max=400], connectionOperationsRatio=ConnectionOperationsRatioConfig [max=0.5, connections=4]], queueManager=QueueManagerConfig [connections=ConnectionConfig [max=101], operations=OperationsConfig [max=51], errors=ErrorsConfig [max=6]], queue=QueueConfig [errors=ErrorsConfig [max=26], operationsDefault=1000, operationsSpecificQueues={sampleQueue1=20, sampleQueue2=30, DEV.QUEUE.1=26, DEV.QUEUE.2=46}]], ]
2023-09-26 18:29:05,930 [https-jsse-nio-8080-exec-10] INFO  c.m.l.M.config.ConfigManager - New Config: Config [<DEFAULT>: QMConfig [app=AppConfig [connections=ConnectionConfig [max=400], connectionOperationsRatio=ConnectionOperationsRatioConfig [max=0.44999998807907104, connections=2]], queueManager=QueueManagerConfig [connections=ConnectionConfig [max=101], operations=OperationsConfig [max=51], errors=ErrorsConfig [max=6]], queue=QueueConfig [errors=ErrorsConfig [max=26], operationsDefault=1000, operationsSpecificQueues={DEV.QUEUE.1=26, DEV.QUEUE.2=46}]], QM1: QMConfig [app=AppConfig [connections=ConnectionConfig [max=100], connectionOperationsRatio=ConnectionOperationsRatioConfig [max=0.5, connections=50]], queueManager=QueueManagerConfig [connections=ConnectionConfig [max=200], operations=OperationsConfig [max=1000], errors=ErrorsConfig [max=10]], queue=QueueConfig [errors=ErrorsConfig [max=5], operationsDefault=1000, operationsSpecificQueues={DEV.QUEUE.3=200, XMIT.TO.QM2=200, DEV.QUEUE.4=200, ORDER.RESPONSE=200, TEST.QUEUE.1=200, XMIT.TO.REMOTEQM=200, DEV.QUEUE.5=200, DEV.DEAD.LETTER.QUEUE=200, PUT.INHIBIT.QUEUE=200, DEV.QUEUE.1=200, MY.LOCAL.QUEUE=200, ORDER.REQUEST=200, INACCESSIBLE.QUEUE=200, XMIT.TO.QM3=200, DEV.QUEUE.2=200, queue1=10, queue2=20}]], QM2: QMConfig [app=AppConfig [connections=ConnectionConfig [max=400], connectionOperationsRatio=ConnectionOperationsRatioConfig [max=0.5, connections=4]], queueManager=QueueManagerConfig [connections=ConnectionConfig [max=101], operations=OperationsConfig [max=51], errors=ErrorsConfig [max=6]], queue=QueueConfig [errors=ErrorsConfig [max=26], operationsDefault=1000, operationsSpecificQueues={sampleQueue1=20, sampleQueue2=30, DEV.QUEUE.1=26, DEV.QUEUE.2=46}]], ]
2023-09-26 18:29:05,930 [https-jsse-nio-8080-exec-10] INFO  c.m.l.M.config.ConfigManager - Writing config to temporary file: config\configTemp.json
2023-09-26 18:29:05,941 [https-jsse-nio-8080-exec-10] INFO  c.m.l.M.config.ConfigManager - New config successfully saved
